[01:06:16] [ServerMain/ERROR]: [DirectoryProviderSource] Error loading plugin: java.lang.IllegalArgumentException: Directory 'plugins/.paper-remapped/LuckPerms-Sponge-5.4.137.jar' does not contain a paper-plugin.yml or plugin.yml! Could not determine plugin type, cannot load a plugin from it!
java.lang.RuntimeException: java.lang.IllegalArgumentException: Directory 'plugins/.paper-remapped/LuckPerms-Sponge-5.4.137.jar' does not contain a paper-plugin.yml or plugin.yml! Could not determine plugin type, cannot load a plugin from it!
	at io.papermc.paper.plugin.provider.source.FileProviderSource.registerProviders(FileProviderSource.java:81) ~[purpur-1.20.6.jar:1.20.6-2233-0d6766e]
	at io.papermc.paper.plugin.provider.source.DirectoryProviderSource.registerProviders(DirectoryProviderSource.java:52) ~[purpur-1.20.6.jar:1.20.6-2233-0d6766e]
	at io.papermc.paper.plugin.provider.source.DirectoryProviderSource.registerProviders(DirectoryProviderSource.java:17) ~[purpur-1.20.6.jar:1.20.6-2233-0d6766e]
	at io.papermc.paper.plugin.util.EntrypointUtil.registerProvidersFromSource(EntrypointUtil.java:15) ~[purpur-1.20.6.jar:1.20.6-2233-0d6766e]
	at io.papermc.paper.plugin.PluginInitializerManager.load(PluginInitializerManager.java:109) ~[purpur-1.20.6.jar:1.20.6-2233-0d6766e]
	at net.minecraft.server.Main.main(Main.java:128) ~[purpur-1.20.6.jar:1.20.6-2233-0d6766e]
	at org.bukkit.craftbukkit.Main.main(Main.java:336) ~[purpur-1.20.6.jar:1.20.6-2233-0d6766e]
	at io.papermc.paperclip.Paperclip.lambda$main$0(Paperclip.java:42) ~[app:?]
	at java.base/java.lang.Thread.run(Thread.java:1583) ~[?:?]
Caused by: java.lang.IllegalArgumentException: Directory 'plugins/.paper-remapped/LuckPerms-Sponge-5.4.137.jar' does not contain a paper-plugin.yml or plugin.yml! Could not determine plugin type, cannot load a plugin from it!
	... 9 more
[01:06:18] [Paper Plugin Remapper Thread - 1/INFO]: [PluginRemapper] Remapping plugin 'cache/spark.jar'...
[01:06:21] [Paper Plugin Remapper Thread - 1/INFO]: [PluginRemapper] Done remapping plugin 'cache/spark.jar' in 2673ms.
[01:06:25] [ServerMain/INFO]: Environment: Environment[sessionHost=https://sessionserver.mojang.com, servicesHost=https://api.minecraftservices.com, name=PROD]
[01:06:27] [ServerMain/INFO]: Loaded 1175 recipes
[01:06:27] [ServerMain/INFO]: Loaded 1276 advancements
[01:06:27] [Server thread/INFO]: Starting minecraft server version 1.20.6
[01:06:27] [Server thread/INFO]: Loading properties
[01:06:27] [Server thread/INFO]: This server is running Purpur version 1.20.6-2233-ver/1.20.6@0d6766e (2024-06-18T04:01:10Z) (Implementing API version 1.20.6-R0.1-SNAPSHOT)
[01:06:28] [Server thread/INFO]: Server Ping Player Sample Count: 12
[01:06:28] [Server thread/INFO]: Using 4 threads for Netty based IO
[01:06:29] [Server thread/INFO]: [ChunkTaskScheduler] Chunk system is using 1 I/O threads, 1 worker threads, and gen parallelism of 1 threads
[01:06:29] [Server thread/INFO]: Default game type: SURVIVAL
[01:06:29] [Server thread/INFO]: Generating keypair
[01:06:29] [Server thread/INFO]: Starting Minecraft server on *:25565
[01:06:29] [Server thread/INFO]: Using epoll channel type
[01:06:29] [Server thread/INFO]: Paper: Using libdeflate (Linux x86_64) compression from Velocity.
[01:06:29] [Server thread/INFO]: Paper: Using OpenSSL 1.1.x (Linux x86_64) cipher from Velocity.
[01:06:29] [Server thread/INFO]: [spark] Loading server plugin spark v1.10.84
[01:06:29] [Server thread/INFO]: [AuthMe] Loading server plugin AuthMe v5.6.0-bCUSTOM
[01:06:29] [Server thread/INFO]: [playit-gg] Loading server plugin playit-gg v0.1.4
[01:06:29] [Server thread/INFO]: [AuraSkills] Loading server plugin AuraSkills v2.1.5
[01:06:29] [Server thread/WARN]: Server permissions file permissions.yml is not valid YAML.
java.lang.ClassCastException: class java.lang.String cannot be cast to class java.util.Map (java.lang.String and java.util.Map are in module java.base of loader 'bootstrap')
	at org.bukkit.craftbukkit.CraftServer.loadCustomPermissions(CraftServer.java:1219) ~[purpur-1.20.6.jar:1.20.6-2233-0d6766e]
	at org.bukkit.craftbukkit.CraftServer.enablePlugins(CraftServer.java:582) ~[purpur-1.20.6.jar:1.20.6-2233-0d6766e]
	at net.minecraft.server.dedicated.DedicatedServer.initServer(DedicatedServer.java:321) ~[purpur-1.20.6.jar:1.20.6-2233-0d6766e]
	at net.minecraft.server.MinecraftServer.runServer(MinecraftServer.java:1150) ~[purpur-1.20.6.jar:1.20.6-2233-0d6766e]
	at net.minecraft.server.MinecraftServer.lambda$spin$0(MinecraftServer.java:326) ~[purpur-1.20.6.jar:1.20.6-2233-0d6766e]
	at java.base/java.lang.Thread.run(Thread.java:1583) ~[?:?]
[01:06:29] [Server thread/WARN]: **** SERVER IS RUNNING IN OFFLINE/INSECURE MODE!
[01:06:29] [Server thread/WARN]: The server will make no attempt to authenticate usernames. Beware.
[01:06:29] [Server thread/WARN]: While this makes the game possible to play without internet access, it also opens up the ability for hackers to connect with any username they choose.
[01:06:29] [Server thread/WARN]: To change this, set "online-mode" to "true" in the server.properties file.
[01:06:29] [Server thread/INFO]: Preparing level "world"
[01:06:30] [Server thread/INFO]: Preparing start region for dimension minecraft:overworld
[01:06:32] [Server thread/INFO]: Time elapsed: 1268 ms
[01:06:32] [Server thread/INFO]: Preparing start region for dimension minecraft:the_nether
[01:06:32] [Server thread/INFO]: Time elapsed: 409 ms
[01:06:32] [Server thread/INFO]: Preparing start region for dimension minecraft:the_end
[01:06:32] [Server thread/INFO]: Time elapsed: 116 ms
[01:06:32] [Server thread/INFO]: [spark] Enabling spark v1.10.84
[01:06:33] [Server thread/INFO]: [spark] Using Paper ServerTickStartEvent for tick monitoring
[01:06:33] [Server thread/INFO]: [spark] Starting background profiler...
[01:06:34] [Server thread/INFO]: [AuthMe] Enabling AuthMe v5.6.0-bCUSTOM
[01:06:35] [Server thread/INFO]: [AuthMe] SQLite Setup finished
[01:06:35] [Server thread/INFO]: [AuthMe] No supported permissions system found! Permissions are disabled!
[01:06:36] [Server thread/WARN]: [AuthMe] WARNING! The protectInventory feature requires ProtocolLib! Disabling it...
[01:06:36] [Server thread/INFO]: [AuthMe] AuthMe 5.6.0 build n.CUSTOM successfully enabled!
[01:06:36] [Server thread/INFO]: [playit-gg] Enabling playit-gg v0.1.4
[01:06:37] [Server thread/INFO]: [AuraSkills] Enabling AuraSkills v2.1.5
[01:06:37] [Thread-6/INFO]: [gg.playit.minecraft.PlayitKeysSetup] secret key found, checking
[01:06:37] [Thread-6/INFO]: [gg.playit.minecraft.PlayitKeysSetup] check secret
[01:06:38] [Server thread/INFO]: [AuraSkills] Loaded 21 message files
[01:06:38] [Thread-6/INFO]: [gg.playit.minecraft.PlayitKeysSetup] found minecraft java tunnel: rated-housing.joinmc.link
[01:06:38] [Thread-6/INFO]: [gg.playit.minecraft.PlayitManager] keys and tunnel setup
[01:06:39] [Thread-6/WARN]: [gg.playit.control.ChannelSetup] Got IO error working with :control.playit.gg/2602:fbaf:848:0:0:0:0:1, error : java.net.SocketException: Network is unreachable
[01:06:39] [Server thread/INFO]: [AuraSkills] Loaded 126 config options in 37 ms
[01:06:39] [Server thread/INFO]: [NBTAPI] [NBTAPI] Found Minecraft: 1.20.6! Trying to find NMS support
[01:06:39] [Server thread/INFO]: [NBTAPI] [NBTAPI] NMS support 'MC1_20_R4' loaded!
[01:06:39] [Server thread/INFO]: [NBTAPI] [NBTAPI] Using the plugin 'AuraSkills' to create a bStats instance!
[01:06:39] [Server thread/INFO]: [AuraSkills] Loaded 3 blocked/disabled worlds
[01:06:39] [Thread-6/INFO]: [gg.playit.control.ChannelSetup] request queued, waiting 1 second before resend
[01:06:39] [Server thread/INFO]: [AuraSkills] [ACF] Enabled Asynchronous Tab Completion Support!
[01:06:40] [Server thread/INFO]: Running delayed init tasks
[01:06:40] [Craft Scheduler Thread - 3 - AuthMe/INFO]: [AuthMe] Downloading GEO IP database, because the old database is older than 30 days or doesn't exist
[01:06:40] [Craft Scheduler Thread - 3 - AuthMe/WARN]: [AuthMe] No MaxMind credentials found in the configuration file! GeoIp protections will be disabled.
[01:06:40] [Craft Scheduler Thread - 3 - AuthMe/INFO]: [AuthMe] There is no newer GEO IP database uploaded to MaxMind. Using the old one for now.
[01:06:40] [Craft Scheduler Thread - 3 - AuthMe/WARN]: [AuthMe] Could not download GeoLiteAPI database [FileNotFoundException]: plugins/AuthMe/GeoLite2-Country.mmdb (No such file or directory)
[01:06:40] [Thread-6/INFO]: [gg.playit.control.ChannelSetup] request queued, waiting 1 second before resend
[01:06:40] [Server thread/INFO]: [AuraSkills] Loaded 11 skills with 308 total sources
[01:06:41] [Server thread/INFO]: [AuraSkills] Loaded 9 stats and 17 traits
[01:06:41] [Server thread/INFO]: [AuraSkills] Loaded 22 pattern rewards and 0 level rewards
[01:06:41] [Server thread/INFO]: [AuraSkills] Loaded 53 loot entries in 4 pools and 2 tables
[01:06:41] [Server thread/INFO]: [AuraSkills] Loaded 6 menus
[01:06:41] [Server thread/INFO]: Done (13.820s)! For help, type "help"
[01:07:26] [Thread-6/INFO]: [gg.playit.minecraft.PlayitManager] got new client: NewClient{connectAddr=209.25.142.194:16030, peerAddr=116.97.106.111:13552, claimAddress=209.25.142.2:43784, claimToken=[44, 0, 60, -47, 25, -114, -62, 62, -98, 116, 97, 106, 111, 52, -16, -93, -109, 82, 64, -85, 8, 102, -100, 95, 78, 0, 0, 0, 0, 0, 10, 67, 78, 0, 0, 0, 0, 0, 52, 100, -17, 14, 64, -85, 8, 0, 0, 0, 0, 18, 0, 0, 0, 0, 0, 0, 0, 1, 0, 1, -76, 3, -50, -78, 41, -45, 123, 85, 2, 47, -70, 93, -51, -122, 39, 17], tunnelServerId=1, dataCenterId=18}
[01:07:26] [Thread-6/INFO]: [gg.playit.minecraft.PlayitManager] starting tcp tunnel for client
[01:07:26] [Thread-6/INFO]: [gg.playit.minecraft.PlayitTcpTunnel] start connection to /209.25.142.2:43784 to claim client
[01:07:26] [nioEventLoopGroup-2-1/INFO]: [gg.playit.minecraft.PlayitTcpTunnel] connected to tunnel server, sending claim token
[01:07:26] [nioEventLoopGroup-2-1/INFO]: [gg.playit.minecraft.PlayitTcpTunnel] claim token sent
[01:07:26] [nioEventLoopGroup-2-1/INFO]: [gg.playit.minecraft.PlayitTcpTunnel] connection to tunnel server has been established
[01:07:26] [nioEventLoopGroup-2-1/INFO]: [gg.playit.minecraft.PlayitTcpTunnel] Reflect: ReflectionHelper{ServerConnection=class net.minecraft.server.network.ServerConnectionListener, LegacyPingHandler=class net.minecraft.server.network.LegacyQueryHandler, MinecraftServer=class net.minecraft.server.MinecraftServer, PacketSplitter=class net.minecraft.network.Varint21FrameDecoder, PacketDecoder=class net.minecraft.network.PacketDecoder, EnumProtocolDirection=class net.minecraft.network.protocol.PacketFlow, PacketPrepender=class net.minecraft.network.Varint21LengthFieldPrepender, PacketEncoder=class net.minecraft.network.PacketEncoder, NetworkManagerServer=class net.minecraft.network.RateKickingConnection, NetworkManager=class net.minecraft.network.Connection, HandshakeListener=class net.minecraft.server.network.ServerHandshakePacketListenerImpl, PacketListener=interface net.minecraft.network.PacketListener, CraftServer=class org.bukkit.craftbukkit.CraftServer}
[01:07:26] [nioEventLoopGroup-2-1/INFO]: [gg.playit.minecraft.PlayitTcpTunnel] legacyPingHandler is null
[01:07:26] [nioEventLoopGroup-2-1/INFO]: [gg.playit.minecraft.PlayitTcpTunnel] connecting to minecraft server at localhost/127.0.0.1:25565
[01:07:26] [nioEventLoopGroup-2-2/INFO]: [gg.playit.minecraft.PlayitTcpTunnel] connected to local minecraft server
[01:07:27] [Thread-6/INFO]: [gg.playit.minecraft.PlayitManager] got new client: NewClient{connectAddr=209.25.142.194:16030, peerAddr=116.97.106.111:49842, claimAddress=209.25.142.2:43784, claimToken=[44, 0, 60, -47, 25, -114, -62, 62, -98, 116, 97, 106, 111, -62, -78, -121, 3, 23, 45, -85, 8, 102, -100, 95, 79, 0, 0, 0, 0, 0, 10, 67, 78, 0, 0, 0, 0, 0, 52, 100, -17, -91, 45, -85, 8, 0, 0, 0, 0, 18, 0, 0, 0, 0, 0, 0, 0, 3, 0, 1, 13, -28, 111, 97, -112, -106, 126, 3, 97, 113, 77, 28, -1, 78, 42, 67], tunnelServerId=3, dataCenterId=18}
[01:07:27] [Thread-6/INFO]: [gg.playit.minecraft.PlayitManager] starting tcp tunnel for client
[01:07:27] [Thread-6/INFO]: [gg.playit.minecraft.PlayitTcpTunnel] start connection to /209.25.142.2:43784 to claim client
[01:07:27] [nioEventLoopGroup-2-3/INFO]: [gg.playit.minecraft.PlayitTcpTunnel] connected to tunnel server, sending claim token
[01:07:27] [nioEventLoopGroup-2-3/INFO]: [gg.playit.minecraft.PlayitTcpTunnel] claim token sent
[01:07:27] [nioEventLoopGroup-2-3/INFO]: [gg.playit.minecraft.PlayitTcpTunnel] connection to tunnel server has been established
[01:07:27] [nioEventLoopGroup-2-3/INFO]: [gg.playit.minecraft.PlayitTcpTunnel] Reflect: ReflectionHelper{ServerConnection=class net.minecraft.server.network.ServerConnectionListener, LegacyPingHandler=class net.minecraft.server.network.LegacyQueryHandler, MinecraftServer=class net.minecraft.server.MinecraftServer, PacketSplitter=class net.minecraft.network.Varint21FrameDecoder, PacketDecoder=class net.minecraft.network.PacketDecoder, EnumProtocolDirection=class net.minecraft.network.protocol.PacketFlow, PacketPrepender=class net.minecraft.network.Varint21LengthFieldPrepender, PacketEncoder=class net.minecraft.network.PacketEncoder, NetworkManagerServer=class net.minecraft.network.RateKickingConnection, NetworkManager=class net.minecraft.network.Connection, HandshakeListener=class net.minecraft.server.network.ServerHandshakePacketListenerImpl, PacketListener=interface net.minecraft.network.PacketListener, CraftServer=class org.bukkit.craftbukkit.CraftServer}
[01:07:27] [nioEventLoopGroup-2-3/INFO]: [gg.playit.minecraft.PlayitTcpTunnel] legacyPingHandler is null
[01:07:27] [nioEventLoopGroup-2-3/INFO]: [gg.playit.minecraft.PlayitTcpTunnel] connecting to minecraft server at localhost/127.0.0.1:25565
[01:07:27] [nioEventLoopGroup-2-4/INFO]: [gg.playit.minecraft.PlayitTcpTunnel] connected to local minecraft server
[01:07:27] [User Authenticator #0/INFO]: UUID of player Bruriend is cbe2ac3c-025f-3647-8f65-65aa301c0411
[01:07:29] [Server thread/INFO]: Bruriend joined the game
[01:07:29] [Server thread/INFO]: Bruriend[/127.0.0.1:56390] logged in with entity id 54 at ([world]-590.2244629483437, 63.0, -622.9183699289588)
[01:07:42] [Craft Scheduler Thread - 3 - AuthMe/INFO]: [AuthMe] The user Bruriend has 4 accounts:
[01:07:42] [Craft Scheduler Thread - 3 - AuthMe/INFO]: [AuthMe] §7taidepzainek, ricky_cuteee, bangabang, §aBruriend§7.
[01:07:42] [Craft Scheduler Thread - 3 - AuthMe/INFO]: [AuthMe] Bruriend logged in 127.0.0.1
[01:08:48] [Server thread/WARN]: Can't keep up! Is the server overloaded? Running 7980ms or 159 ticks behind
[01:10:43] [Thread-6/INFO]: [gg.playit.control.ChannelSetup] send keep alive
[01:14:43] [Thread-6/INFO]: [gg.playit.control.ChannelSetup] send keep alive
[01:18:43] [Thread-6/INFO]: [gg.playit.control.ChannelSetup] send keep alive
[01:22:43] [Thread-6/INFO]: [gg.playit.control.ChannelSetup] send keep alive
[01:23:50] [Server thread/INFO]: Bruriend issued server command: /damage Bruriend 12 di
[01:23:53] [Server thread/INFO]: Bruriend issued server command: /damage Bruriend 12 minecraft:arrow
[01:23:53] [Server thread/INFO]: [Bruriend: Applied 12.0 damage to Bruriend]
[01:23:59] [Server thread/INFO]: Bruriend issued server command: /damage Bruriend 120
[01:23:59] [Server thread/INFO]: Bruriend has reached the goal [Postmortal]
[01:23:59] [Server thread/INFO]: [Bruriend: Applied 120.0 damage to Bruriend]
[01:24:27] [Server thread/INFO]: Bruriend issued server command: /damage Bruriend 50
[01:24:27] [Server thread/INFO]: [Bruriend: Applied 50.0 damage to Bruriend]
[01:24:38] [Server thread/INFO]: Bruriend issued server command: /damage Bruriend 19
[01:24:38] [Server thread/INFO]: [Bruriend: Applied 19.0 damage to Bruriend]
[01:26:44] [Thread-6/INFO]: [gg.playit.control.ChannelSetup] send keep alive
[01:30:44] [Thread-6/INFO]: [gg.playit.control.ChannelSetup] send keep alive
[01:32:21] [Thread-6/INFO]: [gg.playit.minecraft.PlayitManager] got new client: NewClient{connectAddr=209.25.142.194:16030, peerAddr=113.184.42.221:60021, claimAddress=209.25.142.2:43784, claimToken=[44, 0, 60, -47, 25, -114, -62, 62, -98, 113, -72, 42, -35, -22, 117, -7, -117, -45, 10, -85, 8, 102, -100, 101, 37, 0, 0, 0, 0, 0, 10, 67, 78, 0, 0, 0, 0, 0, 52, 100, -17, 88, 10, -85, 8, 0, 0, 0, 0, 18, 0, 0, 0, 0, 0, 0, 0, 3, 0, 1, 12, 105, 105, -27, 127, 106, 88, 13, -65, -124, -23, -112, 45, 118, -76, 124], tunnelServerId=3, dataCenterId=18}
[01:32:21] [Thread-6/INFO]: [gg.playit.minecraft.PlayitManager] starting tcp tunnel for client
[01:32:21] [Thread-6/INFO]: [gg.playit.minecraft.PlayitTcpTunnel] start connection to /209.25.142.2:43784 to claim client
[01:32:21] [nioEventLoopGroup-2-1/INFO]: [gg.playit.minecraft.PlayitTcpTunnel] connected to tunnel server, sending claim token
[01:32:21] [nioEventLoopGroup-2-1/INFO]: [gg.playit.minecraft.PlayitTcpTunnel] claim token sent
[01:32:21] [nioEventLoopGroup-2-1/INFO]: [gg.playit.minecraft.PlayitTcpTunnel] connection to tunnel server has been established
[01:32:21] [nioEventLoopGroup-2-1/INFO]: [gg.playit.minecraft.PlayitTcpTunnel] Reflect: ReflectionHelper{ServerConnection=class net.minecraft.server.network.ServerConnectionListener, LegacyPingHandler=class net.minecraft.server.network.LegacyQueryHandler, MinecraftServer=class net.minecraft.server.MinecraftServer, PacketSplitter=class net.minecraft.network.Varint21FrameDecoder, PacketDecoder=class net.minecraft.network.PacketDecoder, EnumProtocolDirection=class net.minecraft.network.protocol.PacketFlow, PacketPrepender=class net.minecraft.network.Varint21LengthFieldPrepender, PacketEncoder=class net.minecraft.network.PacketEncoder, NetworkManagerServer=class net.minecraft.network.RateKickingConnection, NetworkManager=class net.minecraft.network.Connection, HandshakeListener=class net.minecraft.server.network.ServerHandshakePacketListenerImpl, PacketListener=interface net.minecraft.network.PacketListener, CraftServer=class org.bukkit.craftbukkit.CraftServer}
[01:32:21] [nioEventLoopGroup-2-1/INFO]: [gg.playit.minecraft.PlayitTcpTunnel] legacyPingHandler is null
[01:32:21] [nioEventLoopGroup-2-1/INFO]: [gg.playit.minecraft.PlayitTcpTunnel] connecting to minecraft server at localhost/127.0.0.1:25565
[01:32:21] [nioEventLoopGroup-2-2/INFO]: [gg.playit.minecraft.PlayitTcpTunnel] connected to local minecraft server
[01:32:23] [Thread-6/INFO]: [gg.playit.minecraft.PlayitManager] got new client: NewClient{connectAddr=209.25.142.194:16030, peerAddr=113.184.42.221:60030, claimAddress=209.25.142.2:43784, claimToken=[44, 0, 60, -47, 25, -114, -62, 62, -98, 113, -72, 42, -35, -22, 126, 13, -107, -103, -76, -85, 8, 102, -100, 101, 39, 0, 0, 0, 0, 0, 10, 67, 78, 0, 0, 0, 0, 0, 52, 100, -17, -97, -76, -85, 8, 0, 0, 0, 0, 18, 0, 0, 0, 0, 0, 0, 0, 1, 0, 1, 71, 62, -15, -61, 4, -55, -104, -16, 70, 69, 86, -42, 50, 40, -29, -54], tunnelServerId=1, dataCenterId=18}
[01:32:23] [Thread-6/INFO]: [gg.playit.minecraft.PlayitManager] starting tcp tunnel for client
[01:32:23] [Thread-6/INFO]: [gg.playit.minecraft.PlayitTcpTunnel] start connection to /209.25.142.2:43784 to claim client
[01:32:23] [nioEventLoopGroup-2-3/INFO]: [gg.playit.minecraft.PlayitTcpTunnel] connected to tunnel server, sending claim token
[01:32:23] [nioEventLoopGroup-2-3/INFO]: [gg.playit.minecraft.PlayitTcpTunnel] claim token sent
[01:32:23] [nioEventLoopGroup-2-3/INFO]: [gg.playit.minecraft.PlayitTcpTunnel] connection to tunnel server has been established
[01:32:23] [nioEventLoopGroup-2-3/INFO]: [gg.playit.minecraft.PlayitTcpTunnel] Reflect: ReflectionHelper{ServerConnection=class net.minecraft.server.network.ServerConnectionListener, LegacyPingHandler=class net.minecraft.server.network.LegacyQueryHandler, MinecraftServer=class net.minecraft.server.MinecraftServer, PacketSplitter=class net.minecraft.network.Varint21FrameDecoder, PacketDecoder=class net.minecraft.network.PacketDecoder, EnumProtocolDirection=class net.minecraft.network.protocol.PacketFlow, PacketPrepender=class net.minecraft.network.Varint21LengthFieldPrepender, PacketEncoder=class net.minecraft.network.PacketEncoder, NetworkManagerServer=class net.minecraft.network.RateKickingConnection, NetworkManager=class net.minecraft.network.Connection, HandshakeListener=class net.minecraft.server.network.ServerHandshakePacketListenerImpl, PacketListener=interface net.minecraft.network.PacketListener, CraftServer=class org.bukkit.craftbukkit.CraftServer}
[01:32:23] [nioEventLoopGroup-2-3/INFO]: [gg.playit.minecraft.PlayitTcpTunnel] legacyPingHandler is null
[01:32:23] [nioEventLoopGroup-2-3/INFO]: [gg.playit.minecraft.PlayitTcpTunnel] connecting to minecraft server at localhost/127.0.0.1:25565
[01:32:23] [nioEventLoopGroup-2-4/INFO]: [gg.playit.minecraft.PlayitTcpTunnel] connected to local minecraft server
[01:32:23] [User Authenticator #1/INFO]: UUID of player taidepzainek is c2015dab-027b-3257-9bcf-ea815f13d4a8
[01:32:25] [Server thread/INFO]: taidepzainek joined the game
[01:32:25] [Server thread/INFO]: taidepzainek[/127.0.0.1:53296] logged in with entity id 3952 at ([world]15.699999988079071, 97.0, 11.195077223552317)
[01:32:36] [Craft Scheduler Thread - 56 - AuthMe/INFO]: [AuthMe] The user taidepzainek has 4 accounts:
[01:32:36] [Craft Scheduler Thread - 56 - AuthMe/INFO]: [AuthMe] §7§ataidepzainek§7, ricky_cuteee, bangabang, §aBruriend§7.
[01:32:36] [Craft Scheduler Thread - 56 - AuthMe/INFO]: [AuthMe] taidepzainek logged in 127.0.0.1
[01:34:27] [Async Chat Thread - #0/INFO]: [Not Secure] <Bruriend> sau muốn chơi sủa tk Dương để nó mở sv nha ku
[01:34:35] [Async Chat Thread - #0/INFO]: [Not Secure] <taidepzainek> ok
[01:34:45] [Thread-6/INFO]: [gg.playit.control.ChannelSetup] send keep alive
[01:38:37] [Server thread/INFO]: taidepzainek was slain by Enderman
[01:38:45] [Thread-6/INFO]: [gg.playit.control.ChannelSetup] send keep alive
[01:39:47] [Server thread/INFO]: taidepzainek fell from a high place
[01:42:04] [Async Chat Thread - #2/INFO]: [Not Secure] <Bruriend> cút
[01:42:08] [Async Chat Thread - #2/INFO]: [Not Secure] <taidepzainek> ko lay
[01:42:12] [Async Chat Thread - #2/INFO]: [Not Secure] <taidepzainek> da mai dau
[01:42:18] [Async Chat Thread - #2/INFO]: [Not Secure] <taidepzainek> de enchant
[01:42:19] [Async Chat Thread - #2/INFO]: [Not Secure] <Bruriend> ko co
[01:42:22] [Async Chat Thread - #2/INFO]: [Not Secure] <taidepzainek> vc
[01:42:45] [Thread-6/INFO]: [gg.playit.control.ChannelSetup] send keep alive
[01:43:40] [Server thread/INFO]: Bruriend issued server command: /kick taidepzainek
[01:43:40] [Server thread/INFO]: taidepzainek lost connection: Kicked by an operator
[01:43:40] [Server thread/INFO]: taidepzainek left the game
[01:43:40] [Server thread/INFO]: [Bruriend: Kicked taidepzainek: Kicked by an operator]
[01:43:41] [Server thread/INFO]: Bruriend issued server command: /stop
[01:43:41] [Server thread/INFO]: [Bruriend: Stopping the server]
[01:43:41] [Server thread/INFO]: Stopping server
[01:43:41] [Server thread/INFO]: [AuraSkills] Disabling AuraSkills v2.1.5
[01:43:41] [Server thread/INFO]: [playit-gg] Disabling playit-gg v0.1.4
[01:43:41] [Server thread/INFO]: [AuthMe] Disabling AuthMe v5.6.0-bCUSTOM
[01:43:41] [Server thread/INFO]: [AuthMe] Waiting for 0 tasks to finish
[01:43:41] [Server thread/INFO]: [AuthMe] AuthMe 5.6.0-bCUSTOM disabled!
[01:43:41] [Server thread/INFO]: [spark] Disabling spark v1.10.84
[01:43:41] [Server thread/INFO]: Saving players
[01:43:41] [Server thread/INFO]: Bruriend lost connection: Server closed
[01:43:42] [Server thread/INFO]: Bruriend left the game
[01:43:42] [Server thread/INFO]: Saving worlds
[01:43:42] [Server thread/INFO]: Saving chunks for level 'ServerLevel[world]'/minecraft:overworld
[01:43:42] [Server thread/INFO]: [ChunkHolderManager] Waiting 60s for chunk system to halt for world 'world'
[01:43:42] [Server thread/INFO]: [ChunkHolderManager] Halted chunk system for world 'world'
[01:43:42] [Server thread/INFO]: [ChunkHolderManager] Saving all chunkholders for world 'world'
[01:43:42] [Server thread/INFO]: [ChunkHolderManager] Saved 144 block chunks, 360 entity chunks, 0 poi chunks in world 'world' in 0.18s
[01:43:42] [Server thread/INFO]: ThreadedAnvilChunkStorage (world): All chunks are saved
[01:43:42] [Server thread/INFO]: Saving chunks for level 'ServerLevel[world_nether]'/minecraft:the_nether
[01:43:42] [Server thread/INFO]: [ChunkHolderManager] Waiting 60s for chunk system to halt for world 'world_nether'
[01:43:42] [Server thread/INFO]: [ChunkHolderManager] Halted chunk system for world 'world_nether'
[01:43:42] [Server thread/INFO]: [ChunkHolderManager] Saving all chunkholders for world 'world_nether'
[01:43:42] [Thread-6/INFO]: [gg.playit.minecraft.PlayitManager] control channel shutdown
[01:43:43] [Server thread/INFO]: [ChunkHolderManager] Saved 836 block chunks, 849 entity chunks, 0 poi chunks in world 'world_nether' in 0.66s
[01:43:43] [Server thread/INFO]: ThreadedAnvilChunkStorage (DIM-1): All chunks are saved
[01:43:43] [Server thread/INFO]: Saving chunks for level 'ServerLevel[world_the_end]'/minecraft:the_end
[01:43:43] [Server thread/INFO]: [ChunkHolderManager] Waiting 60s for chunk system to halt for world 'world_the_end'
[01:43:43] [Server thread/INFO]: [ChunkHolderManager] Halted chunk system for world 'world_the_end'
[01:43:43] [Server thread/INFO]: [ChunkHolderManager] Saving all chunkholders for world 'world_the_end'
[01:43:43] [Server thread/INFO]: [ChunkHolderManager] Saved 0 block chunks, 0 entity chunks, 0 poi chunks in world 'world_the_end' in 0.00s
[01:43:43] [Server thread/INFO]: ThreadedAnvilChunkStorage (DIM1): All chunks are saved
[01:43:43] [Server thread/INFO]: ThreadedAnvilChunkStorage: All dimensions are saved
[01:43:43] [Server thread/INFO]: Flushing Chunk IO
[01:43:43] [Server thread/INFO]: Closing Thread Pool
[01:43:43] [Server thread/INFO]: Closing Server
